# JRE version: Java(TM) SE Runtime Environment (8.0_11-b12) (build 1.8.0_11-b12)
# Java VM: Java HotSpot(TM) 64-Bit Server VM (25.11-b03 mixed mode windows-amd64 compressed oops)
Heap:
 PSYoungGen      total 126464K, used 112083K [0x000000076b300000, 0x0000000775d00000, 0x00000007c0000000)
  eden space 115712K, 96% used [0x000000076b300000,0x0000000772074e48,0x0000000772400000)
  from space 10752K, 0% used [0x0000000772400000,0x0000000772400000,0x0000000772e80000)
  to   space 11776K, 0% used [0x0000000775180000,0x0000000775180000,0x0000000775d00000)
 ParOldGen       total 53248K, used 35705K [0x00000006c1800000, 0x00000006c4c00000, 0x000000076b300000)
  object space 53248K, 67% used [0x00000006c1800000,0x00000006c3ade480,0x00000006c4c00000)
 Metaspace       used 36081K, capacity 36392K, committed 36736K, reserved 1081344K
  class space    used 4316K, capacity 4389K, committed 4480K, reserved 1048576K
GC Heap History (10 events):
Event: 2507.469 GC heap before
{Heap before GC invocations=23 (full 2):
 PSYoungGen      total 98304K, used 90080K [0x000000076b300000, 0x0000000771d80000, 0x00000007c0000000)
  eden space 89600K, 100% used [0x000000076b300000,0x0000000770a80000,0x0000000770a80000)
  from space 8704K, 5% used [0x0000000771500000,0x0000000771578000,0x0000000771d80000)
  to   space 9728K, 0% used [0x0000000770a80000,0x0000000770a80000,0x0000000771400000)
 ParOldGen       total 22528K, used 16240K [0x00000006c1800000, 0x00000006c2e00000, 0x000000076b300000)
  object space 22528K, 72% used [0x00000006c1800000,0x00000006c27dc0e0,0x00000006c2e00000)
 Metaspace       used 35611K, capacity 35862K, committed 36224K, reserved 1081344K
  class space    used 4306K, capacity 4386K, committed 4480K, reserved 1048576K
Event: 2507.472 GC heap after
Heap after GC invocations=23 (full 2):
 PSYoungGen      total 99328K, used 832K [0x000000076b300000, 0x0000000773800000, 0x00000007c0000000)
  eden space 89600K, 0% used [0x000000076b300000,0x000000076b300000,0x0000000770a80000)
  from space 9728K, 8% used [0x0000000770a80000,0x0000000770b50000,0x0000000771400000)
  to   space 9216K, 0% used [0x0000000772f00000,0x0000000772f00000,0x0000000773800000)
 ParOldGen       total 22528K, used 16612K [0x00000006c1800000, 0x00000006c2e00000, 0x000000076b300000)
  object space 22528K, 73% used [0x00000006c1800000,0x00000006c2839120,0x00000006c2e00000)
 Metaspace       used 35611K, capacity 35862K, committed 36224K, reserved 1081344K
  class space    used 4306K, capacity 4386K, committed 4480K, reserved 1048576K
}
Event: 34311.064 GC heap before
{Heap before GC invocations=24 (full 2):
 PSYoungGen      total 99328K, used 87498K [0x000000076b300000, 0x0000000773800000, 0x00000007c0000000)
  eden space 89600K, 96% used [0x000000076b300000,0x00000007707a2a80,0x0000000770a80000)
  from space 9728K, 8% used [0x0000000770a80000,0x0000000770b50000,0x0000000771400000)
  to   space 9216K, 0% used [0x0000000772f00000,0x0000000772f00000,0x0000000773800000)
 ParOldGen       total 22528K, used 16612K [0x00000006c1800000, 0x00000006c2e00000, 0x000000076b300000)
  object space 22528K, 73% used [0x00000006c1800000,0x00000006c2839120,0x00000006c2e00000)
 Metaspace       used 35851K, capacity 36154K, committed 36480K, reserved 1081344K
  class space    used 4310K, capacity 4392K, committed 4480K, reserved 1048576K
Event: 34311.073 GC heap after
Heap after GC invocations=24 (full 2):
 PSYoungGen      total 124928K, used 8473K [0x000000076b300000, 0x0000000773900000, 0x00000007c0000000)
  eden space 115712K, 0% used [0x000000076b300000,0x000000076b300000,0x0000000772400000)
  from space 9216K, 91% used [0x0000000772f00000,0x0000000773746500,0x0000000773800000)
  to   space 10752K, 0% used [0x0000000772400000,0x0000000772400000,0x0000000772e80000)
 ParOldGen       total 22528K, used 20963K [0x00000006c1800000, 0x00000006c2e00000, 0x000000076b300000)
  object space 22528K, 93% used [0x00000006c1800000,0x00000006c2c78f88,0x00000006c2e00000)
 Metaspace       used 35851K, capacity 36154K, committed 36480K, reserved 1081344K
  class space    used 4310K, capacity 4392K, committed 4480K, reserved 1048576K
}
Event: 34311.073 GC heap before
{Heap before GC invocations=25 (full 3):
 PSYoungGen      total 124928K, used 8473K [0x000000076b300000, 0x0000000773900000, 0x00000007c0000000)
  eden space 115712K, 0% used [0x000000076b300000,0x000000076b300000,0x0000000772400000)
  from space 9216K, 91% used [0x0000000772f00000,0x0000000773746500,0x0000000773800000)
  to   space 10752K, 0% used [0x0000000772400000,0x0000000772400000,0x0000000772e80000)
 ParOldGen       total 22528K, used 20963K [0x00000006c1800000, 0x00000006c2e00000, 0x000000076b300000)
  object space 22528K, 93% used [0x00000006c1800000,0x00000006c2c78f88,0x00000006c2e00000)
 Metaspace       used 35851K, capacity 36154K, committed 36480K, reserved 1081344K
  class space    used 4310K, capacity 4392K, committed 4480K, reserved 1048576K
Event: 34311.242 GC heap after
Heap after GC invocations=25 (full 3):
 PSYoungGen      total 124928K, used 0K [0x000000076b300000, 0x0000000773900000, 0x00000007c0000000)
  eden space 115712K, 0% used [0x000000076b300000,0x000000076b300000,0x0000000772400000)
  from space 9216K, 0% used [0x0000000772f00000,0x0000000772f00000,0x0000000773800000)
  to   space 10752K, 0% used [0x0000000772400000,0x0000000772400000,0x0000000772e80000)
 ParOldGen       total 27648K, used 19764K [0x00000006c1800000, 0x00000006c3300000, 0x000000076b300000)
  object space 27648K, 71% used [0x00000006c1800000,0x00000006c2b4d168,0x00000006c3300000)
 Metaspace       used 35815K, capacity 36094K, committed 36480K, reserved 1081344K
  class space    used 4304K, capacity 4382K, committed 4480K, reserved 1048576K
}
Event: 77998.845 GC heap before
{Heap before GC invocations=26 (full 3):
 PSYoungGen      total 124928K, used 115712K [0x000000076b300000, 0x0000000773900000, 0x00000007c0000000)
  eden space 115712K, 100% used [0x000000076b300000,0x0000000772400000,0x0000000772400000)
  from space 9216K, 0% used [0x0000000772f00000,0x0000000772f00000,0x0000000773800000)
  to   space 10752K, 0% used [0x0000000772400000,0x0000000772400000,0x0000000772e80000)
 ParOldGen       total 27648K, used 19764K [0x00000006c1800000, 0x00000006c3300000, 0x000000076b300000)
  object space 27648K, 71% used [0x00000006c1800000,0x00000006c2b4d168,0x00000006c3300000)
 Metaspace       used 35941K, capacity 36158K, committed 36480K, reserved 1081344K
  class space    used 4312K, capacity 4382K, committed 4480K, reserved 1048576K
Event: 77998.865 GC heap after
Heap after GC invocations=26 (full 3):
 PSYoungGen      total 126464K, used 8691K [0x000000076b300000, 0x0000000775d00000, 0x00000007c0000000)
  eden space 115712K, 0% used [0x000000076b300000,0x000000076b300000,0x0000000772400000)
  from space 10752K, 80% used [0x0000000772400000,0x0000000772c7cf50,0x0000000772e80000)
  to   space 11776K, 0% used [0x0000000775180000,0x0000000775180000,0x0000000775d00000)
 ParOldGen       total 47104K, used 46444K [0x00000006c1800000, 0x00000006c4600000, 0x000000076b300000)
  object space 47104K, 98% used [0x00000006c1800000,0x00000006c455b258,0x00000006c4600000)
 Metaspace       used 35941K, capacity 36158K, committed 36480K, reserved 1081344K
  class space    used 4312K, capacity 4382K, committed 4480K, reserved 1048576K
}
Event: 77998.865 GC heap before
{Heap before GC invocations=27 (full 4):
 PSYoungGen      total 126464K, used 8691K [0x000000076b300000, 0x0000000775d00000, 0x00000007c0000000)
  eden space 115712K, 0% used [0x000000076b300000,0x000000076b300000,0x0000000772400000)
  from space 10752K, 80% used [0x0000000772400000,0x0000000772c7cf50,0x0000000772e80000)
  to   space 11776K, 0% used [0x0000000775180000,0x0000000775180000,0x0000000775d00000)
 ParOldGen       total 47104K, used 46444K [0x00000006c1800000, 0x00000006c4600000, 0x000000076b300000)
  object space 47104K, 98% used [0x00000006c1800000,0x00000006c455b258,0x00000006c4600000)
 Metaspace       used 35941K, capacity 36158K, committed 36480K, reserved 1081344K
  class space    used 4312K, capacity 4382K, committed 4480K, reserved 1048576K
Event: 77998.918 GC heap after
Heap after GC invocations=27 (full 4):
 PSYoungGen      total 126464K, used 0K [0x000000076b300000, 0x0000000775d00000, 0x00000007c0000000)
  eden space 115712K, 0% used [0x000000076b300000,0x000000076b300000,0x0000000772400000)
  from space 10752K, 0% used [0x0000000772400000,0x0000000772400000,0x0000000772e80000)
  to   space 11776K, 0% used [0x0000000775180000,0x0000000775180000,0x0000000775d00000)
 ParOldGen       total 53248K, used 35705K [0x00000006c1800000, 0x00000006c4c00000, 0x000000076b300000)
  object space 53248K, 67% used [0x00000006c1800000,0x00000006c3ade480,0x00000006c4c00000)
 Metaspace       used 35941K, capacity 36158K, committed 36480K, reserved 1081344K
  class space    used 4312K, capacity 4382K, committed 4480K, reserved 1048576K
}

